[error] 2022-09-30T12:28:36.001Z Error during user creation!!
[error] 2022-09-30T12:36:17.509Z Error during user creation!!
[info] 2022-09-30T12:37:13.579Z User Created
[error] 2022-09-30T12:44:40.154Z Error during user creation!!
[info] 2022-10-06T18:08:22.539Z User Created
[error] 2022-10-06T18:09:26.911Z Error during user creation!!
[error] 2022-10-06T18:12:17.896Z Error during user creation!!
[error] 2022-10-06T18:13:57.224Z Error during user creation!!
[error] 2022-10-06T18:20:57.364Z Error during user creation!!
[info] 2022-10-07T04:44:28.130Z User Created
[info] 2022-10-07T04:53:10.171Z User Created
[error] 2022-10-07T05:22:20.568Z Error during user creation!!
[info] 2022-10-07T05:22:54.386Z User Created
[error] 2022-10-07T18:50:34.889Z Issue occurred in user authentication!
[info] 2022-10-07T18:52:06.192Z User: 633fb7ae1653ef18fbf27a1b logged in successfully!
[error] 2022-10-07T18:52:11.478Z Issue occurred in user authentication!
[error] 2022-10-07T18:59:32.270Z Issue occurred in user authentication!
[error] 2022-10-07T19:41:35.173Z Issue occurred in user authentication!
[error] 2022-10-07T19:41:39.675Z Issue occurred in user authentication!
[error] 2022-10-07T19:54:33.102Z Issue occurred in user authentication!
[info] 2022-10-07T19:55:54.985Z User: 633fb7ae1653ef18fbf27a1b logged in successfully!
[error] 2022-10-07T19:56:04.162Z Issue occurred in user authentication!
[error] 2022-10-07T19:56:31.011Z Issue occurred in user authentication!
[error] 2022-10-07T20:02:10.485Z Issue occurred in user authentication!
[info] 2022-10-07T20:02:21.998Z User: 633fb7ae1653ef18fbf27a1b logged in successfully!
[info] 2022-10-07T20:02:26.249Z User: 633fb7ae1653ef18fbf27a1b logged in successfully!
[error] 2022-10-07T20:06:32.826Z Error during user creation!!
[info] 2022-10-07T20:06:36.694Z User: 633fb7ae1653ef18fbf27a1b logged in successfully!
[error] 2022-10-07T20:06:39.367Z Issue occurred in user authentication!
[error] 2022-10-07T20:08:53.966Z Issue occurred in user authentication!
[error] 2022-10-07T20:13:47.414Z Issue occurred in user authentication!
[error] 2022-10-07T20:16:08.797Z Issue occurred in user authentication!
[error] 2022-10-07T20:17:50.835Z Issue occurred in user authentication!
[error] 2022-10-07T20:19:25.893Z Issue occurred in user authentication!
[error] 2022-10-07T20:20:32.103Z Issue occurred in user authentication!
[info] 2022-10-07T20:20:38.716Z User: 633fb7ae1653ef18fbf27a1b logged in successfully!
[error] 2022-10-07T20:22:34.212Z Issue occurred in user authentication!
[error] 2022-10-07T20:23:22.128Z Issue occurred in user authentication!
[error] 2022-10-07T20:30:45.668Z Issue occurred in user authentication!
[error] 2022-10-07T20:31:04.373Z Issue occurred in user authentication!
[error] 2022-10-07T20:31:30.435Z Issue occurred in user authentication!
[error] 2022-10-07T20:32:26.605Z Issue occurred in user authentication!
[error] 2022-10-07T20:33:03.908Z Issue occurred in user authentication!
[error] 2022-10-07T20:34:04.773Z Error during user creation!!
[info] 2022-10-07T20:35:05.494Z User Created
[error] 2022-10-07T20:35:11.302Z Issue occurred in user authentication!
[error] 2022-10-07T20:37:18.520Z Issue occurred in user authentication!
[error] 2022-10-07T20:38:27.039Z Issue occurred in user authentication!
[error] 2022-10-07T20:38:40.884Z Issue occurred in user authentication!
[error] 2022-10-07T20:38:47.612Z Issue occurred in user authentication!
[error] 2022-10-07T20:50:41.838Z Issue occurred in user authentication!
[error] 2022-10-07T20:51:08.652Z Issue occurred in user authentication!
[info] 2022-10-07T20:51:15.439Z User Authenticated!
[info] 2022-10-07T20:51:30.738Z User Authenticated!
[info] 2022-10-07T20:52:06.556Z User Authenticated!
[info] 2022-10-07T20:52:16.672Z User Authenticated!
[info] 2022-10-07T20:52:58.051Z User Authenticated!
[info] 2022-10-07T20:53:17.598Z User Authenticated!
[info] 2022-10-07T20:54:18.651Z User Authenticated!
[info] 2022-10-07T20:55:34.778Z User Authenticated!
[info] 2022-10-07T20:55:55.297Z User Authenticated!
[info] 2022-10-07T21:02:07.322Z User Authenticated!
[info] 2022-10-07T21:03:00.548Z User Authenticated!
[info] 2022-10-07T21:05:47.856Z User Authenticated!
[info] 2022-10-07T21:06:02.262Z User Authenticated!
[info] 2022-10-07T21:07:22.988Z User Authenticated!
[info] 2022-10-07T21:07:45.917Z User Authenticated!
[info] 2022-10-07T21:09:07.488Z User Authenticated!
[info] 2022-10-07T21:09:17.492Z User Authenticated!
[info] 2022-10-07T21:15:34.819Z User Authenticated!
[info] 2022-10-07T21:15:57.284Z User Authenticated!
[info] 2022-10-07T21:16:29.976Z User Authenticated!
[info] 2022-10-07T21:18:31.980Z User Authenticated!
[info] 2022-10-07T21:18:33.146Z User Authenticated!
[info] 2022-10-07T21:18:40.181Z User Authenticated!
[info] 2022-10-07T21:19:03.691Z User Authenticated!
[info] 2022-10-07T21:19:23.309Z User Authenticated!
[info] 2022-10-07T21:20:40.573Z User Authenticated!
[info] 2022-10-07T21:24:02.714Z User Authenticated!
[info] 2022-10-07T21:24:21.212Z User Authenticated!
[info] 2022-10-07T21:24:37.436Z User Authenticated!
[info] 2022-10-07T21:36:43.419Z User Authenticated!
[info] 2022-10-07T21:48:43.626Z User Authenticated!
[info] 2022-10-07T21:49:08.782Z User Authenticated!
[info] 2022-10-07T21:49:23.727Z User Authenticated!
[info] 2022-10-07T21:51:07.179Z User Authenticated!
[info] 2022-10-07T21:54:27.266Z User Authenticated!
[info] 2022-10-07T21:54:35.786Z User Authenticated!
[info] 2022-10-07T21:54:41.951Z User Authenticated!
[info] 2022-10-07T21:54:56.736Z User Authenticated!
[info] 2022-10-07T21:55:06.412Z User Authenticated!
[info] 2022-10-07T21:55:15.610Z User Authenticated!
[info] 2022-10-07T21:55:28.867Z User Authenticated!
[info] 2022-10-07T21:56:24.174Z User Authenticated!
[info] 2022-10-07T21:57:02.539Z User Authenticated!
[info] 2022-10-07T21:58:14.695Z User Authenticated!
[info] 2022-10-07T21:59:07.236Z User Authenticated!
[info] 2022-10-07T22:05:48.896Z User Authenticated!
[info] 2022-10-07T22:06:06.011Z User Authenticated!
[info] 2022-10-07T22:06:16.269Z User Authenticated!
[info] 2022-10-07T22:08:06.554Z User Authenticated!
[info] 2022-10-07T22:10:12.876Z User Authenticated!
[info] 2022-10-07T22:11:54.245Z User Authenticated!
[info] 2022-10-07T22:12:28.172Z User Authenticated!
[info] 2022-10-07T22:12:38.834Z User Authenticated!
[info] 2022-10-07T22:12:49.070Z User Authenticated!
[info] 2022-10-07T22:14:13.643Z User Authenticated!
[info] 2022-10-07T22:15:43.323Z User Authenticated!
[info] 2022-10-07T22:16:58.560Z User Authenticated!
[info] 2022-10-07T22:17:31.086Z User Authenticated!
[info] 2022-10-07T22:17:50.914Z User Authenticated!
[info] 2022-10-07T22:18:20.482Z User Authenticated!
[info] 2022-10-07T22:18:56.218Z User Authenticated!
[info] 2022-10-07T22:19:13.775Z User Authenticated!
[info] 2022-10-07T22:19:33.123Z User Authenticated!
[info] 2022-10-07T22:19:54.379Z User Authenticated!
[info] 2022-10-07T22:20:07.697Z User Authenticated!
[info] 2022-10-07T22:26:09.504Z User Authenticated!
[info] 2022-10-07T22:27:08.628Z User Authenticated!
[info] 2022-10-08T03:23:24.041Z User Authenticated!
[info] 2022-10-08T03:23:43.608Z User Authenticated!
[info] 2022-10-08T03:26:58.063Z User Authenticated!
[error] 2022-10-08T03:26:58.067Z Error occurred in user deletion
[info] 2022-10-08T03:27:25.276Z User Authenticated!
[error] 2022-10-08T03:27:25.281Z Error occurred in user deletion
[info] 2022-10-08T03:28:49.472Z User Authenticated!
[info] 2022-10-08T03:33:38.240Z User Authenticated!
[info] 2022-10-08T03:34:09.228Z User Authenticated!
[error] 2022-10-08T03:34:09.252Z Error occurred in user deletion
[info] 2022-10-08T03:35:08.057Z User Created
[info] 2022-10-08T03:35:13.159Z User Created
[error] 2022-10-08T03:35:14.555Z Message failed: 554 5.2.0 STOREDRV.Submission.Exception:OutboundSpamException; Failed to process message due to a permanent exception with message [BeginDiagnosticData]WASCL UserAction verdict is not None. Actual verdict is Suspend, ShowTierUpgrade. OutboundSpamException: WASCL UserAction verdict is not None. Actual verdict is Suspend, ShowTierUpgrade.[EndDiagnosticData] [Hostname=SL2P216MB1079.KORP216.PROD.OUTLOOK.COM]
[info] 2022-10-08T03:35:15.632Z User Created
[info] 2022-10-08T03:35:18.663Z User Created
[error] 2022-10-08T03:35:19.171Z Message failed: 554 5.2.0 STOREDRV.Submission.Exception:OutboundSpamException; Failed to process message due to a permanent exception with message [BeginDiagnosticData]WASCL UserAction verdict is not None. Actual verdict is Suspend, ShowTierUpgrade. OutboundSpamException: WASCL UserAction verdict is not None. Actual verdict is Suspend, ShowTierUpgrade.[EndDiagnosticData] [Hostname=SL2P216MB1079.KORP216.PROD.OUTLOOK.COM]
[error] 2022-10-08T03:35:21.426Z Message failed: 554 5.2.0 STOREDRV.Submission.Exception:OutboundSpamException; Failed to process message due to a permanent exception with message [BeginDiagnosticData]WASCL UserAction verdict is not None. Actual verdict is Suspend, ShowTierUpgrade. OutboundSpamException: WASCL UserAction verdict is not None. Actual verdict is Suspend, ShowTierUpgrade.[EndDiagnosticData] [Hostname=SL2P216MB1079.KORP216.PROD.OUTLOOK.COM]
[error] 2022-10-08T03:35:27.344Z Message failed: 554 5.2.0 STOREDRV.Submission.Exception:OutboundSpamException; Failed to process message due to a permanent exception with message [BeginDiagnosticData]WASCL UserAction verdict is not None. Actual verdict is Suspend, ShowTierUpgrade. OutboundSpamException: WASCL UserAction verdict is not None. Actual verdict is Suspend, ShowTierUpgrade.[EndDiagnosticData] [Hostname=SL2P216MB1079.KORP216.PROD.OUTLOOK.COM]
[info] 2022-10-08T03:35:32.578Z User Authenticated!
[info] 2022-10-08T03:35:48.236Z User Authenticated!
[info] 2022-10-08T04:04:24.885Z User Authenticated!
[info] 2022-10-08T04:05:40.604Z User Authenticated!
[info] 2022-10-08T04:05:55.647Z User Authenticated!
[info] 2022-10-08T04:15:21.455Z User Authenticated!
[info] 2022-10-08T04:15:39.749Z User Authenticated!
[info] 2022-10-08T04:15:47.679Z User Authenticated!
[info] 2022-10-08T04:15:54.223Z User Authenticated!
[info] 2022-10-08T04:15:57.026Z User Authenticated!
[info] 2022-10-08T04:17:28.975Z User Authenticated!
[info] 2022-10-08T04:29:03.655Z User Authenticated!
[info] 2022-10-08T04:30:35.289Z User Authenticated!
[info] 2022-10-08T05:01:49.022Z User Authenticated!
[info] 2022-10-08T05:01:50.430Z User Authenticated!
[info] 2022-10-08T05:01:53.686Z User Authenticated!
[info] 2022-10-08T05:36:38.045Z User Created
[error] 2022-10-08T05:36:58.240Z Invalid login: 535 5.7.139 Authentication unsuccessful, account locked. Contact your administrator. [PN3PR01CA0001.INDPRD01.PROD.OUTLOOK.COM]
[error] 2022-10-08T06:14:36.497Z Issue occurred in user authentication!
[error] 2022-10-08T06:14:47.506Z Issue occurred in user authentication!
[info] 2022-10-08T06:15:28.963Z User Authenticated!
[info] 2022-10-08T06:15:37.967Z User Authenticated!
[info] 2022-10-08T06:16:01.144Z User Authenticated!
[info] 2022-10-08T06:16:18.886Z User Authenticated!
[info] 2022-10-08T06:16:47.490Z User Authenticated!
[info] 2022-10-08T06:18:13.076Z User Authenticated!
[error] 2022-10-08T06:20:58.870Z Issue occurred in user authentication!
[error] 2022-10-08T06:22:13.379Z Issue occurred in user authentication!
[error] 2022-10-08T06:22:57.920Z Issue occurred in user authentication!
[error] 2022-10-08T06:24:24.581Z Issue occurred in user authentication!
[info] 2022-10-08T07:05:44.939Z User Authenticated!
[info] 2022-10-08T07:08:20.489Z User Authenticated!
[info] 2022-10-08T07:09:30.798Z User Authenticated!
[info] 2022-10-08T07:12:32.532Z User Authenticated!
[info] 2022-10-08T07:25:34.551Z User Authenticated!
[error] 2022-10-08T07:29:43.312Z Issue occurred in user authentication!
[error] 2022-10-08T07:29:43.314Z Issue occurred in user authentication!
[error] 2022-10-08T07:30:40.394Z Issue occurred in user authentication!
[error] 2022-10-08T07:30:40.396Z Issue occurred in user authentication!
[info] 2022-10-08T07:31:17.797Z User Authenticated!
[info] 2022-10-08T07:31:48.319Z User Authenticated!
[info] 2022-10-08T07:33:47.319Z User Authenticated!
[info] 2022-10-08T07:33:47.328Z User Authenticated!
[info] 2022-10-08T07:34:34.320Z User Authenticated!
[info] 2022-10-08T07:36:44.531Z User Authenticated!
[info] 2022-10-08T07:36:44.539Z User Authenticated!
[info] 2022-10-08T07:36:59.324Z User Authenticated!
[info] 2022-10-08T07:36:59.331Z User Authenticated!
[info] 2022-10-08T07:43:14.324Z User Authenticated!
[info] 2022-10-08T07:43:14.329Z User Authenticated!
[info] 2022-10-08T07:43:50.317Z User Authenticated!
[info] 2022-10-08T07:43:54.192Z User Authenticated!
[info] 2022-10-08T07:43:54.198Z User Authenticated!
[info] 2022-10-08T07:44:31.374Z User Authenticated!
[info] 2022-10-08T07:44:31.381Z User Authenticated!
[info] 2022-10-08T07:51:42.420Z User Authenticated!
[info] 2022-10-08T07:51:42.428Z User Authenticated!
[error] 2022-10-08T08:15:42.056Z Issue occurred in user authentication!
[error] 2022-10-08T08:15:42.060Z Issue occurred in user authentication!
[info] 2022-10-08T08:16:02.217Z User Authenticated!
[info] 2022-10-08T08:16:02.230Z User Authenticated!
